
> my-pseo-site@1.0.0 build
> astro build

[2m22:32:11[22m [34m[content][39m Syncing content
[2m22:32:11[22m [34m[content][39m Synced content
[2m22:32:11[22m [34m[types][39m Generated [2m110ms[22m
[2m22:32:11[22m [34m[build][39m output: [34m"static"[39m
[2m22:32:11[22m [34m[build][39m mode: [34m"static"[39m
[2m22:32:11[22m [34m[build][39m directory: [34mC:\Users\Elitebook\Downloads\Compressed\writebot_v4.4.0\my-pseo-site\dist\[39m
[2m22:32:11[22m [34m[build][39m Collecting build info...
[2m22:32:11[22m [34m[build][39m [32mÔ£ô Completed in 341ms.[39m
[2m22:32:11[22m [34m[build][39m Building static entrypoints...
[33m[1m22:32:14[22m [WARN] [vite][39m [33m"isRemoteAllowed", "matchHostname", "matchPathname", "matchPort" and "matchProtocol" are imported from external module "@astrojs/internal-helpers/remote" but never used in "node_modules/astro/dist/assets/utils/remotePattern.js".[39m
[2m22:32:14[22m [34m[vite][39m [32mÔ£ô built in 3.37s[39m
[2m22:32:14[22m [34m[build][39m [32mÔ£ô Completed in 3.44s.[39m

[42m[30m building client (vite) [39m[49m
[2m22:32:14[22m [34m[vite][39m transforming...
[2m22:32:14[22m [34m[vite][39m [32mÔ£ô[39m 1 modules transformed.
[2m22:32:14[22m [34m[vite][39m rendering chunks...
[2m22:32:14[22m [34m[vite][39m [32mÔ£ô built in 32ms[39m

[42m[30m generating static routes [39m[49m
[2m22:32:14[22m [32mÔûÂ[39m src/pages/about.astro
[2m22:32:14[22m   [34mÔööÔöÇ[39m [2m/about/index.html[22m [2m(+23ms)[22m 
[2m22:32:14[22m [35m╬╗[39m src/pages/sitemap.xml.js
[2m22:32:14[22m   [34mÔööÔöÇ[39m [2m/sitemap.xml[22mReading CSV for sitemap from: C:\Users\Elitebook\Downloads\Compressed\writebot_v4.4.0\my-pseo-site\src\data\tools.csv
 [2m(+14ms)[22m 
[2m22:32:14[22m [32mÔûÂ[39m src/pages/test.astro
[2m22:32:14[22m   [34mÔööÔöÇ[39m [2m/test/index.html[22m [2m(+8ms)[22m 
[2m22:32:15[22m [32mÔûÂ[39m src/pages/tools/[category].astro
[2m22:32:15[22m   [34mÔö£ÔöÇ[39m [2m/tools/writing-&-copy/index.html[22m [2m(+11ms)[22m 
[2m22:32:15[22m   [34mÔö£ÔöÇ[39m [2m/tools/legal-&-finance/index.html[22m [2m(+11ms)[22m 
[2m22:32:15[22m   [34mÔö£ÔöÇ[39m [2m/tools/career-&-hr/index.html[22m [2m(+9ms)[22m 
[2m22:32:15[22m   [34mÔööÔöÇ[39m [2m/tools/workflow-automation/index.html[22m [2m(+11ms)[22m 
[2m22:32:15[22m [32mÔûÂ[39m src/pages/tools/index.astro
[2m22:32:15[22m   [34mÔööÔöÇ[39m [2m/tools/index.html[22m [2m(+8ms)[22m 
[2m22:32:15[22m [32mÔûÂ[39m src/pages/[job]-[action].astro
Reading CSV from: C:\Users\Elitebook\Downloads\Compressed\writebot_v4.4.0\my-pseo-site\src\data\tools.csv
[2m22:32:15[22m [32mÔûÂ[39m src/pages/[slug].astro
Reading Articles from: C:\Users\Elitebook\Downloads\Compressed\writebot_v4.4.0\my-pseo-site\src\data\articles.csv
Skipping invalid article: generative-design-trends Tom Ford
Skipping invalid article: how-to-memorize-things-fast Productivity Tips
Found articles: [
  'future-of-ai-writing',
  '10-best-productivity-hacks',
  'marketing-automation-guide',
  'ai-legal-assistant-review',
  'no-code-revolution'
]
[2m22:32:15[22m   [34mÔö£ÔöÇ[39m [2m/future-of-ai-writing/index.html[22m [2m(+11ms)[22m 
[2m22:32:15[22m   [34mÔö£ÔöÇ[39m [2m/10-best-productivity-hacks/index.html[22m [2m(+9ms)[22m 
[2m22:32:15[22m   [34mÔö£ÔöÇ[39m [2m/marketing-automation-guide/index.html[22m [2m(+9ms)[22m 
[2m22:32:15[22m   [34mÔö£ÔöÇ[39m [2m/ai-legal-assistant-review/index.html[22m [2m(+7ms)[22m 
[2m22:32:15[22m   [34mÔööÔöÇ[39m [2m/no-code-revolution/index.html[22m [2m(+9ms)[22m 
[2m22:32:15[22m [32mÔûÂ[39m src/pages/index.astro
[2m22:32:15[22m   [34mÔööÔöÇ[39m [2m/index.html[22m [2m(+9ms)[22m 
[2m22:32:15[22m [32mÔ£ô Completed in 264ms.
[39m
[2m22:32:15[22m [34m[build][39m 13 page(s) built in [1m4.15s[22m
[2m22:32:15[22m [34m[build][39m [1mComplete![22m
